Using pre-set license
Built from '2020.3/staging' branch; Version is '2020.3.11f1 (99c7afb366b3) revision 10078127'; Using compiler version '192528614'; Build Type 'Release'
OS: 'Windows 10 Education; OS build 18363.1854; Version 1909; 64bit' Language: 'en' Physical Memory: 16336 MB
BatchMode: 1, IsHumanControllingUs: 0, StartBugReporterOnCrash: 0, Is64bit: 1, IsPro: 0

 COMMAND LINE ARGUMENTS:
C:\Program Files\Unity\Hub\Editor\2020.3.11f1\Editor\Unity.exe
-adb2
-batchMode
-noUpm
-name
AssetImportWorker0
-projectPath
C:/Users/Optimal State/Documents/GitHub/Kaboom/Kaboom
-logFile
Logs/AssetImportWorker0.log
-srvPort
61245
Successfully changed project path to: C:/Users/Optimal State/Documents/GitHub/Kaboom/Kaboom
C:/Users/Optimal State/Documents/GitHub/Kaboom/Kaboom
Using Asset Import Pipeline V2.
Refreshing native plugins compatible for Editor in 52.81 ms, found 3 plugins.
Preloading 0 native plugins for Editor in 0.00 ms.
Initialize engine version: 2020.3.11f1 (99c7afb366b3)
[Subsystems] Discovering subsystems at path C:/Program Files/Unity/Hub/Editor/2020.3.11f1/Editor/Data/Resources/UnitySubsystems
[Subsystems] Discovering subsystems at path C:/Users/Optimal State/Documents/GitHub/Kaboom/Kaboom/Assets
GfxDevice: creating device client; threaded=0
Direct3D:
    Version:  Direct3D 11.0 [level 11.1]
    Renderer: NVIDIA GeForce GTX 1070 (ID=0x1b81)
    Vendor:   
    VRAM:     8088 MB
    Driver:   30.0.14.9649
Initialize mono
Mono path[0] = 'C:/Program Files/Unity/Hub/Editor/2020.3.11f1/Editor/Data/Managed'
Mono path[1] = 'C:/Program Files/Unity/Hub/Editor/2020.3.11f1/Editor/Data/MonoBleedingEdge/lib/mono/unityjit'
Mono config path = 'C:/Program Files/Unity/Hub/Editor/2020.3.11f1/Editor/Data/MonoBleedingEdge/etc'
Using monoOptions --debugger-agent=transport=dt_socket,embedding=1,server=y,suspend=n,address=127.0.0.1:56812
Begin MonoManager ReloadAssembly
Registering precompiled unity dll's ...
Register platform support module: C:/Program Files/Unity/Hub/Editor/2020.3.11f1/Editor/Data/PlaybackEngines/WindowsStandaloneSupport/UnityEditor.WindowsStandalone.Extensions.dll
Registered in 0.002834 seconds.
Native extension for WindowsStandalone target not found
Refreshing native plugins compatible for Editor in 51.12 ms, found 3 plugins.
Preloading 0 native plugins for Editor in 0.00 ms.
Mono: successfully reloaded assembly
- Completed reload, in  2.786 seconds
Platform modules already initialized, skipping
Registering precompiled user dll's ...
Registered in 0.006477 seconds.
Begin MonoManager ReloadAssembly
Native extension for WindowsStandalone target not found
Refreshing native plugins compatible for Editor in 50.16 ms, found 3 plugins.
Preloading 0 native plugins for Editor in 0.00 ms.
Mono: successfully reloaded assembly
- Completed reload, in  1.401 seconds
Platform modules already initialized, skipping
========================================================================
Worker process is ready to serve import requests
Launched and connected shader compiler UnityShaderCompiler.exe after 0.06 seconds
Refreshing native plugins compatible for Editor in 0.54 ms, found 3 plugins.
Preloading 0 native plugins for Editor in 0.00 ms.
Unloading 2080 Unused Serialized files (Serialized files now loaded: 0)
System memory in use before: 92.8 MB.
System memory in use after: 92.8 MB.

Unloading 33 unused Assets to reduce memory usage. Loaded Objects now: 2513.
Total: 2.703600 ms (FindLiveObjects: 0.252500 ms CreateObjectMapping: 0.067000 ms MarkObjects: 2.224900 ms  DeleteObjects: 0.157900 ms)

========================================================================
Received Import Request.
  path: Assets/Audio/Enemy_Damaged.wav
  artifactKey: Guid(ff9cbb8a8f3366148a2d49a925c5add2) Importer(815301076,1909f56bfc062723c751e8b465ee728b)
Start importing Assets/Audio/Enemy_Damaged.wav using Guid(ff9cbb8a8f3366148a2d49a925c5add2) Importer(815301076,1909f56bfc062723c751e8b465ee728b)  -> (artifact id: '28c7f8dce1e3702bf2e05648d00fbb71') in 0.192132 seconds
  Import took 0.196280 seconds .

========================================================================
Received Import Request.
  Time since last request: 0.000260 seconds.
  path: Assets/Audio/Win_Goal.wav
  artifactKey: Guid(ed22184a5df5eeb439c92ac01315b8b4) Importer(815301076,1909f56bfc062723c751e8b465ee728b)
Start importing Assets/Audio/Win_Goal.wav using Guid(ed22184a5df5eeb439c92ac01315b8b4) Importer(815301076,1909f56bfc062723c751e8b465ee728b)  -> (artifact id: '2de60dc05c5a719427ec19ebeb4c243a') in 0.019424 seconds
  Import took 0.023191 seconds .

========================================================================
Received Import Request.
  Time since last request: 0.000192 seconds.
  path: Assets/Audio/Enemy_Alert.wav
  artifactKey: Guid(353d14df6ab766e4da9c7feee704d244) Importer(815301076,1909f56bfc062723c751e8b465ee728b)
Start importing Assets/Audio/Enemy_Alert.wav using Guid(353d14df6ab766e4da9c7feee704d244) Importer(815301076,1909f56bfc062723c751e8b465ee728b)  -> (artifact id: '3f2726bd780a8d143e9b0243f2b87d78') in 0.015414 seconds
  Import took 0.019369 seconds .

========================================================================
Received Import Request.
  Time since last request: 0.000246 seconds.
  path: Assets/Audio/Menu_Select.wav
  artifactKey: Guid(f4151fd411a969b4ab272f40b87557a3) Importer(815301076,1909f56bfc062723c751e8b465ee728b)
Start importing Assets/Audio/Menu_Select.wav using Guid(f4151fd411a969b4ab272f40b87557a3) Importer(815301076,1909f56bfc062723c751e8b465ee728b)  -> (artifact id: '7bf24de3f8d8b6d4b2397c2fba4e9fa9') in 0.014927 seconds
  Import took 0.018446 seconds .

========================================================================
Received Import Request.
  Time since last request: 0.000383 seconds.
  path: Assets/Audio/Missile.wav
  artifactKey: Guid(e688aba2154941c42a4d895b6b4af939) Importer(815301076,1909f56bfc062723c751e8b465ee728b)
Start importing Assets/Audio/Missile.wav using Guid(e688aba2154941c42a4d895b6b4af939) Importer(815301076,1909f56bfc062723c751e8b465ee728b)  -> (artifact id: 'e298012dc3e585d7a3e1b16786fddbcd') in 0.014120 seconds
  Import took 0.018447 seconds .

========================================================================
Received Import Request.
  Time since last request: 0.000260 seconds.
  path: Assets/Audio/Bomb_Explode.wav
  artifactKey: Guid(fd431cd391183aa43a7f017e7ce83b3b) Importer(815301076,1909f56bfc062723c751e8b465ee728b)
Start importing Assets/Audio/Bomb_Explode.wav using Guid(fd431cd391183aa43a7f017e7ce83b3b) Importer(815301076,1909f56bfc062723c751e8b465ee728b)  -> (artifact id: 'b14567b1350fcdfd439f0942d49909f9') in 0.014968 seconds
  Import took 0.019501 seconds .

========================================================================
Received Import Request.
  Time since last request: 0.000306 seconds.
  path: Assets/Spritesheets/boxum_spritesheet.png
  artifactKey: Guid(b8d48d08194de1e479aafa51e18b2056) Importer(815301076,1909f56bfc062723c751e8b465ee728b)
Start importing Assets/Spritesheets/boxum_spritesheet.png using Guid(b8d48d08194de1e479aafa51e18b2056) Importer(815301076,1909f56bfc062723c751e8b465ee728b)  -> (artifact id: '07b553e0b0236ff27f8c6eaf1ab6f69f') in 0.190875 seconds
  Import took 0.195503 seconds .

========================================================================
Received Import Request.
  Time since last request: 0.000214 seconds.
  path: Assets/Audio/Player_Jump.wav
  artifactKey: Guid(e7e860e276e469d438bbfca46a0e688e) Importer(815301076,1909f56bfc062723c751e8b465ee728b)
Start importing Assets/Audio/Player_Jump.wav using Guid(e7e860e276e469d438bbfca46a0e688e) Importer(815301076,1909f56bfc062723c751e8b465ee728b)  -> (artifact id: '546777d41dbc1d041e82cb1e7558cc93') in 0.013331 seconds
  Import took 0.017265 seconds .

========================================================================
Received Import Request.
  Time since last request: 0.000243 seconds.
  path: Assets/Audio/Player_Death.wav
  artifactKey: Guid(7b61f70d1f4aca34abb178c47b8e177e) Importer(815301076,1909f56bfc062723c751e8b465ee728b)
Start importing Assets/Audio/Player_Death.wav using Guid(7b61f70d1f4aca34abb178c47b8e177e) Importer(815301076,1909f56bfc062723c751e8b465ee728b)  -> (artifact id: '48463f82f86677c0573c5268368ee01d') in 0.012643 seconds
  Import took 0.016646 seconds .

========================================================================
Received Import Request.
  Time since last request: 0.000258 seconds.
  path: Assets/Audio/Button_Hover.wav
  artifactKey: Guid(7c310bd35e5c8284dab66f78e0ac75a7) Importer(815301076,1909f56bfc062723c751e8b465ee728b)
Start importing Assets/Audio/Button_Hover.wav using Guid(7c310bd35e5c8284dab66f78e0ac75a7) Importer(815301076,1909f56bfc062723c751e8b465ee728b)  -> (artifact id: 'b7fc5014fc477f92c3e95bc23b34888d') in 0.014797 seconds
  Import took 0.018430 seconds .

========================================================================
Received Import Request.
  Time since last request: 0.000247 seconds.
  path: Assets/Audio/Player_Damaged.wav
  artifactKey: Guid(37dd8aa67cdcf9c478b6114107780590) Importer(815301076,1909f56bfc062723c751e8b465ee728b)
Start importing Assets/Audio/Player_Damaged.wav using Guid(37dd8aa67cdcf9c478b6114107780590) Importer(815301076,1909f56bfc062723c751e8b465ee728b)  -> (artifact id: 'd4e286bda1d1635711b337212657cb34') in 0.015173 seconds
  Import took 0.019317 seconds .

========================================================================
Received Import Request.
  Time since last request: 0.000257 seconds.
  path: Assets/Audio/Missile_Explosion.wav
  artifactKey: Guid(8394e1ecbbce37a448a4455a6e54e494) Importer(815301076,1909f56bfc062723c751e8b465ee728b)
Start importing Assets/Audio/Missile_Explosion.wav using Guid(8394e1ecbbce37a448a4455a6e54e494) Importer(815301076,1909f56bfc062723c751e8b465ee728b)  -> (artifact id: '3bd8143792656392afb8c971403db591') in 0.013022 seconds
  Import took 0.016930 seconds .

========================================================================
Received Import Request.
  Time since last request: 0.000257 seconds.
  path: Assets/Audio/Buzzsaw.wav
  artifactKey: Guid(5e8e82a8392277d49aa1422667f2f852) Importer(815301076,1909f56bfc062723c751e8b465ee728b)
Start importing Assets/Audio/Buzzsaw.wav using Guid(5e8e82a8392277d49aa1422667f2f852) Importer(815301076,1909f56bfc062723c751e8b465ee728b)  -> (artifact id: 'dc3ce1594ed296b4584ac790f3f17c9a') in 0.011978 seconds
  Import took 0.015736 seconds .

========================================================================
Received Import Request.
  Time since last request: 14.613105 seconds.
  path: Assets/Sprites/Circle.png
  artifactKey: Guid(ae76524ac2ea4a74e9100b85ef232dc4) Importer(815301076,1909f56bfc062723c751e8b465ee728b)
Start importing Assets/Sprites/Circle.png using Guid(ae76524ac2ea4a74e9100b85ef232dc4) Importer(815301076,1909f56bfc062723c751e8b465ee728b)  -> (artifact id: '872ffa66d16f002fde1bbf213915769d') in 0.017580 seconds
  Import took 0.022026 seconds .

========================================================================
Received Import Request.
  Time since last request: 0.000203 seconds.
  path: Assets/Sprites/Square.png
  artifactKey: Guid(15a9bc4e335e3c2428ab127034966db1) Importer(815301076,1909f56bfc062723c751e8b465ee728b)
Start importing Assets/Sprites/Square.png using Guid(15a9bc4e335e3c2428ab127034966db1) Importer(815301076,1909f56bfc062723c751e8b465ee728b)  -> (artifact id: 'f4a03cb8616f0da4c34445b89d8926cc') in 0.015714 seconds
  Import took 0.019403 seconds .

========================================================================
Received Import Request.
  Time since last request: 103.659678 seconds.
  path: Assets/Scenes/Level_Design_1.unity
  artifactKey: Guid(d88b01e5b5f24cd4c9aad1f7b915a351) Importer(815301076,1909f56bfc062723c751e8b465ee728b)
Start importing Assets/Scenes/Level_Design_1.unity using Guid(d88b01e5b5f24cd4c9aad1f7b915a351) Importer(815301076,1909f56bfc062723c751e8b465ee728b)  -> (artifact id: '297fda870c09b6910417c207c15fcb92') in 0.009133 seconds
  Import took 0.012864 seconds .

========================================================================
Received Import Request.
  Time since last request: 1562.545302 seconds.
  path: Assets/Sprites/Square.png
  artifactKey: Guid(15a9bc4e335e3c2428ab127034966db1) Importer(815301076,1909f56bfc062723c751e8b465ee728b)
Start importing Assets/Sprites/Square.png using Guid(15a9bc4e335e3c2428ab127034966db1) Importer(815301076,1909f56bfc062723c751e8b465ee728b)  -> (artifact id: '4b990e55dfac9ce50279d567eb964ea5') in 0.012802 seconds
  Import took 0.016962 seconds .

AssetImportWorkerClient::OnTransportError - code=2 error=End of file
