Using pre-set license
Built from '2020.3/staging' branch; Version is '2020.3.11f1 (99c7afb366b3) revision 10078127'; Using compiler version '192528614'; Build Type 'Release'
OS: 'Windows 10 Education; OS build 18363.1854; Version 1909; 64bit' Language: 'en' Physical Memory: 16336 MB
BatchMode: 1, IsHumanControllingUs: 0, StartBugReporterOnCrash: 0, Is64bit: 1, IsPro: 0

 COMMAND LINE ARGUMENTS:
C:\Program Files\Unity\Hub\Editor\2020.3.11f1\Editor\Unity.exe
-adb2
-batchMode
-noUpm
-name
AssetImportWorker0
-projectPath
C:/Users/Optimal State/Documents/GitHub/Kaboom/Kaboom
-logFile
Logs/AssetImportWorker0.log
-srvPort
65129
Successfully changed project path to: C:/Users/Optimal State/Documents/GitHub/Kaboom/Kaboom
C:/Users/Optimal State/Documents/GitHub/Kaboom/Kaboom
Using Asset Import Pipeline V2.
Refreshing native plugins compatible for Editor in 53.59 ms, found 3 plugins.
Preloading 0 native plugins for Editor in 0.00 ms.
Initialize engine version: 2020.3.11f1 (99c7afb366b3)
[Subsystems] Discovering subsystems at path C:/Program Files/Unity/Hub/Editor/2020.3.11f1/Editor/Data/Resources/UnitySubsystems
[Subsystems] Discovering subsystems at path C:/Users/Optimal State/Documents/GitHub/Kaboom/Kaboom/Assets
GfxDevice: creating device client; threaded=0
Direct3D:
    Version:  Direct3D 11.0 [level 11.1]
    Renderer: NVIDIA GeForce GTX 1070 (ID=0x1b81)
    Vendor:   
    VRAM:     8088 MB
    Driver:   30.0.14.9649
Initialize mono
Mono path[0] = 'C:/Program Files/Unity/Hub/Editor/2020.3.11f1/Editor/Data/Managed'
Mono path[1] = 'C:/Program Files/Unity/Hub/Editor/2020.3.11f1/Editor/Data/MonoBleedingEdge/lib/mono/unityjit'
Mono config path = 'C:/Program Files/Unity/Hub/Editor/2020.3.11f1/Editor/Data/MonoBleedingEdge/etc'
Using monoOptions --debugger-agent=transport=dt_socket,embedding=1,server=y,suspend=n,address=127.0.0.1:56428
Begin MonoManager ReloadAssembly
Registering precompiled unity dll's ...
Register platform support module: C:/Program Files/Unity/Hub/Editor/2020.3.11f1/Editor/Data/PlaybackEngines/WindowsStandaloneSupport/UnityEditor.WindowsStandalone.Extensions.dll
Registered in 0.002795 seconds.
Native extension for WindowsStandalone target not found
Refreshing native plugins compatible for Editor in 50.49 ms, found 3 plugins.
Preloading 0 native plugins for Editor in 0.00 ms.
Mono: successfully reloaded assembly
- Completed reload, in  2.343 seconds
Platform modules already initialized, skipping
Registering precompiled user dll's ...
Registered in 0.006532 seconds.
Begin MonoManager ReloadAssembly
Native extension for WindowsStandalone target not found
Refreshing native plugins compatible for Editor in 49.64 ms, found 3 plugins.
Preloading 0 native plugins for Editor in 0.00 ms.
Mono: successfully reloaded assembly
- Completed reload, in  1.389 seconds
Platform modules already initialized, skipping
========================================================================
Worker process is ready to serve import requests
Launched and connected shader compiler UnityShaderCompiler.exe after 0.05 seconds
Refreshing native plugins compatible for Editor in 1.02 ms, found 3 plugins.
Preloading 0 native plugins for Editor in 0.00 ms.
Unloading 2080 Unused Serialized files (Serialized files now loaded: 0)
System memory in use before: 92.8 MB.
System memory in use after: 92.7 MB.

Unloading 33 unused Assets to reduce memory usage. Loaded Objects now: 2513.
Total: 2.791700 ms (FindLiveObjects: 0.255200 ms CreateObjectMapping: 0.056000 ms MarkObjects: 2.308900 ms  DeleteObjects: 0.170500 ms)

========================================================================
Received Import Request.
  path: ProjectSettings/TagManager.asset
  artifactKey: Guid(00000000000000003000000000000000) Importer(815301076,1909f56bfc062723c751e8b465ee728b)
Start importing ProjectSettings/TagManager.asset using Guid(00000000000000003000000000000000) Importer(815301076,1909f56bfc062723c751e8b465ee728b)  -> (artifact id: '95df672b4aaba54310d34c83eef51bb8') in 0.040310 seconds
  Import took 0.044077 seconds .

========================================================================
Received Import Request.
  Time since last request: 71.456593 seconds.
  path: Assets/Scenes/Level_Design_1.unity
  artifactKey: Guid(d88b01e5b5f24cd4c9aad1f7b915a351) Importer(815301076,1909f56bfc062723c751e8b465ee728b)
Start importing Assets/Scenes/Level_Design_1.unity using Guid(d88b01e5b5f24cd4c9aad1f7b915a351) Importer(815301076,1909f56bfc062723c751e8b465ee728b)  -> (artifact id: '61a313818fbd24af2112124198df0440') in 0.003913 seconds
  Import took 0.007813 seconds .

========================================================================
Received Import Request.
  Time since last request: 8081.563796 seconds.
  path: Assets/Sprites/Buzzsaw.png
  artifactKey: Guid(124b25fd4d2768941976fce48695cae5) Importer(815301076,1909f56bfc062723c751e8b465ee728b)
Start importing Assets/Sprites/Buzzsaw.png using Guid(124b25fd4d2768941976fce48695cae5) Importer(815301076,1909f56bfc062723c751e8b465ee728b)  -> (artifact id: 'e5af3916b4848acd4d5828f7fee100be') in 0.159976 seconds
  Import took 0.168021 seconds .

========================================================================
Received Import Request.
  Time since last request: 0.000294 seconds.
  path: Assets/Sprites/Spikes.png
  artifactKey: Guid(aecbcc52fd787484fac17ad0ffb44833) Importer(815301076,1909f56bfc062723c751e8b465ee728b)
Start importing Assets/Sprites/Spikes.png using Guid(aecbcc52fd787484fac17ad0ffb44833) Importer(815301076,1909f56bfc062723c751e8b465ee728b)  -> (artifact id: '9e15f94b210b3a5bfdf594ad877317b1') in 0.021090 seconds
  Import took 0.024810 seconds .

========================================================================
Received Import Request.
  Time since last request: 0.000284 seconds.
  path: Assets/Sprites/Missile.png
  artifactKey: Guid(aa9ba6fe75558c745860a58eb9f5fefc) Importer(815301076,1909f56bfc062723c751e8b465ee728b)
Start importing Assets/Sprites/Missile.png using Guid(aa9ba6fe75558c745860a58eb9f5fefc) Importer(815301076,1909f56bfc062723c751e8b465ee728b)  -> (artifact id: '02b1f4e69a063ddac618ec8eddeacbd7') in 0.020246 seconds
  Import took 0.023640 seconds .

========================================================================
Received Import Request.
  Time since last request: 0.000200 seconds.
  path: Assets/Sprites/Ground2.png
  artifactKey: Guid(eef1f0a03955c6e429c9fe52a5fe01a8) Importer(815301076,1909f56bfc062723c751e8b465ee728b)
Start importing Assets/Sprites/Ground2.png using Guid(eef1f0a03955c6e429c9fe52a5fe01a8) Importer(815301076,1909f56bfc062723c751e8b465ee728b)  -> (artifact id: '7015442c64b613cbbfd1bf40dfce66f8') in 0.020685 seconds
  Import took 0.024492 seconds .

========================================================================
Received Import Request.
  Time since last request: 0.000267 seconds.
  path: Assets/Sprites/Ground1.png
  artifactKey: Guid(b688defae40d49948aaf6be21117aa49) Importer(815301076,1909f56bfc062723c751e8b465ee728b)
Start importing Assets/Sprites/Ground1.png using Guid(b688defae40d49948aaf6be21117aa49) Importer(815301076,1909f56bfc062723c751e8b465ee728b)  -> (artifact id: '5aff1751af9e12e66e86f0a9d24f76b8') in 0.024123 seconds
  Import took 0.027898 seconds .

========================================================================
Received Import Request.
  Time since last request: 19.539488 seconds.
  path: ProjectSettings/TagManager.asset
  artifactKey: Guid(00000000000000003000000000000000) Importer(815301076,1909f56bfc062723c751e8b465ee728b)
Start importing ProjectSettings/TagManager.asset using Guid(00000000000000003000000000000000) Importer(815301076,1909f56bfc062723c751e8b465ee728b)  -> (artifact id: '3916413cb954a1647b7e1d201b01d8a7') in 0.006033 seconds
  Import took 0.009969 seconds .

========================================================================
Received Import Request.
  Time since last request: 0.000521 seconds.
  path: ProjectSettings/TagManager.asset
  artifactKey: Guid(00000000000000003000000000000000) Importer(815301076,1909f56bfc062723c751e8b465ee728b)
Start importing ProjectSettings/TagManager.asset using Guid(00000000000000003000000000000000) Importer(815301076,1909f56bfc062723c751e8b465ee728b)  -> (artifact id: '3916413cb954a1647b7e1d201b01d8a7') in 0.003903 seconds
  Import took 0.007468 seconds .

